{"D:\\dev\\intellect-fox\\if-js\\src\\scripts\\lesson4.js": {"path":"D:\\dev\\intellect-fox\\if-js\\src\\scripts\\lesson4.js","statementMap":{"0":{"start":{"line":2,"column":19},"end":{"line":6,"column":1}},"1":{"start":{"line":3,"column":2},"end":{"line":5,"column":4}},"2":{"start":{"line":4,"column":4},"end":{"line":4,"column":17}},"3":{"start":{"line":12,"column":34},"end":{"line":12,"column":45}},"4":{"start":{"line":13,"column":2},"end":{"line":15,"column":3}},"5":{"start":{"line":14,"column":4},"end":{"line":14,"column":17}},"6":{"start":{"line":16,"column":2},"end":{"line":16,"column":35}},"7":{"start":{"line":25,"column":25},"end":{"line":39,"column":1}},"8":{"start":{"line":26,"column":14},"end":{"line":26,"column":16}},"9":{"start":{"line":27,"column":14},"end":{"line":27,"column":15}},"10":{"start":{"line":28,"column":2},"end":{"line":38,"column":4}},"11":{"start":{"line":29,"column":4},"end":{"line":37,"column":5}},"12":{"start":{"line":29,"column":17},"end":{"line":29,"column":18}},"13":{"start":{"line":30,"column":6},"end":{"line":36,"column":7}},"14":{"start":{"line":31,"column":8},"end":{"line":31,"column":29}},"15":{"start":{"line":32,"column":8},"end":{"line":32,"column":16}},"16":{"start":{"line":33,"column":8},"end":{"line":33,"column":21}},"17":{"start":{"line":34,"column":13},"end":{"line":36,"column":7}},"18":{"start":{"line":35,"column":8},"end":{"line":35,"column":18}},"19":{"start":{"line":41,"column":22},"end":{"line":41,"column":33}},"20":{"start":{"line":42,"column":22},"end":{"line":42,"column":33}},"21":{"start":{"line":43,"column":22},"end":{"line":43,"column":33}}},"fnMap":{"0":{"name":"(anonymous_0)","decl":{"start":{"line":2,"column":19},"end":{"line":2,"column":20}},"loc":{"start":{"line":2,"column":26},"end":{"line":6,"column":1}},"line":2},"1":{"name":"(anonymous_1)","decl":{"start":{"line":3,"column":9},"end":{"line":3,"column":10}},"loc":{"start":{"line":3,"column":16},"end":{"line":5,"column":3}},"line":3},"2":{"name":"addProduct","decl":{"start":{"line":11,"column":16},"end":{"line":11,"column":26}},"loc":{"start":{"line":11,"column":40},"end":{"line":17,"column":1}},"line":11},"3":{"name":"(anonymous_3)","decl":{"start":{"line":25,"column":25},"end":{"line":25,"column":26}},"loc":{"start":{"line":25,"column":31},"end":{"line":39,"column":1}},"line":25},"4":{"name":"(anonymous_4)","decl":{"start":{"line":28,"column":9},"end":{"line":28,"column":10}},"loc":{"start":{"line":28,"column":20},"end":{"line":38,"column":3}},"line":28}},"branchMap":{"0":{"loc":{"start":{"line":13,"column":2},"end":{"line":15,"column":3}},"type":"if","locations":[{"start":{"line":13,"column":2},"end":{"line":15,"column":3}},{"start":{},"end":{}}],"line":13},"1":{"loc":{"start":{"line":30,"column":6},"end":{"line":36,"column":7}},"type":"if","locations":[{"start":{"line":30,"column":6},"end":{"line":36,"column":7}},{"start":{"line":34,"column":13},"end":{"line":36,"column":7}}],"line":30},"2":{"loc":{"start":{"line":34,"column":13},"end":{"line":36,"column":7}},"type":"if","locations":[{"start":{"line":34,"column":13},"end":{"line":36,"column":7}},{"start":{},"end":{}}],"line":34}},"s":{"0":1,"1":1,"2":1,"3":1,"4":1,"5":0,"6":1,"7":1,"8":3,"9":3,"10":3,"11":18,"12":18,"13":39,"14":18,"15":18,"16":18,"17":21,"18":3,"19":1,"20":1,"21":1},"f":{"0":1,"1":1,"2":1,"3":3,"4":18},"b":{"0":[0,1],"1":[18,21],"2":[3,18]},"_coverageSchema":"1a1c01bbd47fc00a2c39e90264f33305004495a9","hash":"5a2d72865d78ba9ff974d32d30254a1d7be44698"}
,"D:\\dev\\intellect-fox\\if-js\\src\\scripts\\lesson5.js": {"path":"D:\\dev\\intellect-fox\\if-js\\src\\scripts\\lesson5.js","statementMap":{"0":{"start":{"line":5,"column":23},"end":{"line":25,"column":1}},"1":{"start":{"line":6,"column":13},"end":{"line":6,"column":55}},"2":{"start":{"line":7,"column":18},"end":{"line":7,"column":43}},"3":{"start":{"line":8,"column":2},"end":{"line":14,"column":3}},"4":{"start":{"line":13,"column":4},"end":{"line":13,"column":55}},"5":{"start":{"line":15,"column":2},"end":{"line":17,"column":3}},"6":{"start":{"line":16,"column":4},"end":{"line":16,"column":70}},"7":{"start":{"line":18,"column":2},"end":{"line":20,"column":3}},"8":{"start":{"line":19,"column":4},"end":{"line":19,"column":69}},"9":{"start":{"line":21,"column":2},"end":{"line":23,"column":3}},"10":{"start":{"line":22,"column":4},"end":{"line":22,"column":69}},"11":{"start":{"line":24,"column":2},"end":{"line":24,"column":27}},"12":{"start":{"line":27,"column":13},"end":{"line":27,"column":25}},"13":{"start":{"line":29,"column":0},"end":{"line":29,"column":27}},"14":{"start":{"line":36,"column":25},"end":{"line":95,"column":1}},"15":{"start":{"line":37,"column":15},"end":{"line":78,"column":3}},"16":{"start":{"line":79,"column":15},"end":{"line":79,"column":17}},"17":{"start":{"line":80,"column":19},"end":{"line":80,"column":38}},"18":{"start":{"line":82,"column":2},"end":{"line":93,"column":3}},"19":{"start":{"line":82,"column":15},"end":{"line":82,"column":16}},"20":{"start":{"line":83,"column":20},"end":{"line":83,"column":49}},"21":{"start":{"line":84,"column":17},"end":{"line":84,"column":43}},"22":{"start":{"line":85,"column":18},"end":{"line":85,"column":45}},"23":{"start":{"line":86,"column":4},"end":{"line":92,"column":5}},"24":{"start":{"line":91,"column":6},"end":{"line":91,"column":74}},"25":{"start":{"line":94,"column":2},"end":{"line":94,"column":16}}},"fnMap":{"0":{"name":"(anonymous_0)","decl":{"start":{"line":5,"column":23},"end":{"line":5,"column":24}},"loc":{"start":{"line":5,"column":33},"end":{"line":25,"column":1}},"line":5},"1":{"name":"(anonymous_1)","decl":{"start":{"line":36,"column":25},"end":{"line":36,"column":26}},"loc":{"start":{"line":36,"column":36},"end":{"line":95,"column":1}},"line":36}},"branchMap":{"0":{"loc":{"start":{"line":8,"column":2},"end":{"line":14,"column":3}},"type":"if","locations":[{"start":{"line":8,"column":2},"end":{"line":14,"column":3}},{"start":{},"end":{}}],"line":8},"1":{"loc":{"start":{"line":9,"column":4},"end":{"line":11,"column":27}},"type":"binary-expr","locations":[{"start":{"line":9,"column":4},"end":{"line":9,"column":25}},{"start":{"line":10,"column":4},"end":{"line":10,"column":25}},{"start":{"line":11,"column":4},"end":{"line":11,"column":27}}],"line":9},"2":{"loc":{"start":{"line":15,"column":2},"end":{"line":17,"column":3}},"type":"if","locations":[{"start":{"line":15,"column":2},"end":{"line":17,"column":3}},{"start":{},"end":{}}],"line":15},"3":{"loc":{"start":{"line":15,"column":6},"end":{"line":15,"column":56}},"type":"binary-expr","locations":[{"start":{"line":15,"column":6},"end":{"line":15,"column":29}},{"start":{"line":15,"column":33},"end":{"line":15,"column":56}}],"line":15},"4":{"loc":{"start":{"line":18,"column":2},"end":{"line":20,"column":3}},"type":"if","locations":[{"start":{"line":18,"column":2},"end":{"line":20,"column":3}},{"start":{},"end":{}}],"line":18},"5":{"loc":{"start":{"line":21,"column":2},"end":{"line":23,"column":3}},"type":"if","locations":[{"start":{"line":21,"column":2},"end":{"line":23,"column":3}},{"start":{},"end":{}}],"line":21},"6":{"loc":{"start":{"line":86,"column":4},"end":{"line":92,"column":5}},"type":"if","locations":[{"start":{"line":86,"column":4},"end":{"line":92,"column":5}},{"start":{},"end":{}}],"line":86},"7":{"loc":{"start":{"line":87,"column":6},"end":{"line":89,"column":30}},"type":"binary-expr","locations":[{"start":{"line":87,"column":6},"end":{"line":87,"column":32}},{"start":{"line":88,"column":6},"end":{"line":88,"column":29}},{"start":{"line":89,"column":6},"end":{"line":89,"column":30}}],"line":87}},"s":{"0":1,"1":5,"2":5,"3":5,"4":1,"5":4,"6":1,"7":3,"8":1,"9":2,"10":1,"11":1,"12":1,"13":1,"14":1,"15":1,"16":1,"17":1,"18":1,"19":1,"20":8,"21":8,"22":8,"23":8,"24":2,"25":1},"f":{"0":5,"1":1},"b":{"0":[1,4],"1":[5,5,5],"2":[1,3],"3":[4,2],"4":[1,2],"5":[1,1],"6":[2,6],"7":[8,6,6]},"_coverageSchema":"1a1c01bbd47fc00a2c39e90264f33305004495a9","hash":"be9f6cd8f087c69b4186fd93a6956bc564e251f0"}
}
