{"D:\\dev\\intellect-fox\\if-js\\src\\scripts\\lesson4.js": {"path":"D:\\dev\\intellect-fox\\if-js\\src\\scripts\\lesson4.js","statementMap":{"0":{"start":{"line":2,"column":19},"end":{"line":6,"column":1}},"1":{"start":{"line":3,"column":2},"end":{"line":5,"column":4}},"2":{"start":{"line":4,"column":4},"end":{"line":4,"column":17}},"3":{"start":{"line":12,"column":34},"end":{"line":12,"column":45}},"4":{"start":{"line":13,"column":2},"end":{"line":15,"column":3}},"5":{"start":{"line":14,"column":4},"end":{"line":14,"column":17}},"6":{"start":{"line":16,"column":2},"end":{"line":16,"column":35}},"7":{"start":{"line":25,"column":25},"end":{"line":39,"column":1}},"8":{"start":{"line":26,"column":14},"end":{"line":26,"column":16}},"9":{"start":{"line":27,"column":14},"end":{"line":27,"column":15}},"10":{"start":{"line":28,"column":2},"end":{"line":38,"column":4}},"11":{"start":{"line":29,"column":4},"end":{"line":37,"column":5}},"12":{"start":{"line":29,"column":17},"end":{"line":29,"column":18}},"13":{"start":{"line":30,"column":6},"end":{"line":36,"column":7}},"14":{"start":{"line":31,"column":8},"end":{"line":31,"column":29}},"15":{"start":{"line":32,"column":8},"end":{"line":32,"column":16}},"16":{"start":{"line":33,"column":8},"end":{"line":33,"column":21}},"17":{"start":{"line":34,"column":13},"end":{"line":36,"column":7}},"18":{"start":{"line":35,"column":8},"end":{"line":35,"column":18}},"19":{"start":{"line":41,"column":22},"end":{"line":41,"column":33}},"20":{"start":{"line":42,"column":22},"end":{"line":42,"column":33}},"21":{"start":{"line":43,"column":22},"end":{"line":43,"column":33}}},"fnMap":{"0":{"name":"(anonymous_0)","decl":{"start":{"line":2,"column":19},"end":{"line":2,"column":20}},"loc":{"start":{"line":2,"column":26},"end":{"line":6,"column":1}},"line":2},"1":{"name":"(anonymous_1)","decl":{"start":{"line":3,"column":9},"end":{"line":3,"column":10}},"loc":{"start":{"line":3,"column":16},"end":{"line":5,"column":3}},"line":3},"2":{"name":"addProduct","decl":{"start":{"line":11,"column":16},"end":{"line":11,"column":26}},"loc":{"start":{"line":11,"column":40},"end":{"line":17,"column":1}},"line":11},"3":{"name":"(anonymous_3)","decl":{"start":{"line":25,"column":25},"end":{"line":25,"column":26}},"loc":{"start":{"line":25,"column":31},"end":{"line":39,"column":1}},"line":25},"4":{"name":"(anonymous_4)","decl":{"start":{"line":28,"column":9},"end":{"line":28,"column":10}},"loc":{"start":{"line":28,"column":20},"end":{"line":38,"column":3}},"line":28}},"branchMap":{"0":{"loc":{"start":{"line":13,"column":2},"end":{"line":15,"column":3}},"type":"if","locations":[{"start":{"line":13,"column":2},"end":{"line":15,"column":3}},{"start":{},"end":{}}],"line":13},"1":{"loc":{"start":{"line":30,"column":6},"end":{"line":36,"column":7}},"type":"if","locations":[{"start":{"line":30,"column":6},"end":{"line":36,"column":7}},{"start":{"line":34,"column":13},"end":{"line":36,"column":7}}],"line":30},"2":{"loc":{"start":{"line":34,"column":13},"end":{"line":36,"column":7}},"type":"if","locations":[{"start":{"line":34,"column":13},"end":{"line":36,"column":7}},{"start":{},"end":{}}],"line":34}},"s":{"0":1,"1":1,"2":1,"3":1,"4":1,"5":0,"6":1,"7":1,"8":3,"9":3,"10":3,"11":18,"12":18,"13":39,"14":18,"15":18,"16":18,"17":21,"18":3,"19":1,"20":1,"21":1},"f":{"0":1,"1":1,"2":1,"3":3,"4":18},"b":{"0":[0,1],"1":[18,21],"2":[3,18]},"_coverageSchema":"1a1c01bbd47fc00a2c39e90264f33305004495a9","hash":"5a2d72865d78ba9ff974d32d30254a1d7be44698"}
,"D:\\dev\\intellect-fox\\if-js\\src\\scripts\\lesson5.js": {"path":"D:\\dev\\intellect-fox\\if-js\\src\\scripts\\lesson5.js","statementMap":{"0":{"start":{"line":7,"column":23},"end":{"line":35,"column":1}},"1":{"start":{"line":8,"column":13},"end":{"line":8,"column":56}},"2":{"start":{"line":9,"column":16},"end":{"line":9,"column":27}},"3":{"start":{"line":10,"column":16},"end":{"line":10,"column":33}},"4":{"start":{"line":11,"column":15},"end":{"line":11,"column":41}},"5":{"start":{"line":12,"column":2},"end":{"line":14,"column":3}},"6":{"start":{"line":13,"column":4},"end":{"line":13,"column":30}},"7":{"start":{"line":15,"column":21},"end":{"line":15,"column":45}},"8":{"start":{"line":17,"column":4},"end":{"line":19,"column":30}},"9":{"start":{"line":20,"column":26},"end":{"line":20,"column":52}},"10":{"start":{"line":21,"column":28},"end":{"line":21,"column":54}},"11":{"start":{"line":22,"column":2},"end":{"line":24,"column":3}},"12":{"start":{"line":23,"column":4},"end":{"line":23,"column":55}},"13":{"start":{"line":25,"column":2},"end":{"line":27,"column":3}},"14":{"start":{"line":26,"column":4},"end":{"line":26,"column":73}},"15":{"start":{"line":28,"column":2},"end":{"line":30,"column":3}},"16":{"start":{"line":29,"column":4},"end":{"line":29,"column":72}},"17":{"start":{"line":31,"column":2},"end":{"line":33,"column":3}},"18":{"start":{"line":32,"column":4},"end":{"line":32,"column":72}},"19":{"start":{"line":34,"column":2},"end":{"line":34,"column":30}},"20":{"start":{"line":42,"column":25},"end":{"line":59,"column":1}},"21":{"start":{"line":43,"column":15},"end":{"line":43,"column":17}},"22":{"start":{"line":44,"column":19},"end":{"line":44,"column":38}},"23":{"start":{"line":46,"column":2},"end":{"line":57,"column":3}},"24":{"start":{"line":46,"column":15},"end":{"line":46,"column":16}},"25":{"start":{"line":47,"column":20},"end":{"line":47,"column":49}},"26":{"start":{"line":48,"column":17},"end":{"line":48,"column":43}},"27":{"start":{"line":49,"column":18},"end":{"line":49,"column":45}},"28":{"start":{"line":50,"column":4},"end":{"line":56,"column":5}},"29":{"start":{"line":55,"column":6},"end":{"line":55,"column":74}},"30":{"start":{"line":58,"column":2},"end":{"line":58,"column":16}}},"fnMap":{"0":{"name":"(anonymous_0)","decl":{"start":{"line":7,"column":23},"end":{"line":7,"column":24}},"loc":{"start":{"line":7,"column":32},"end":{"line":35,"column":1}},"line":7},"1":{"name":"(anonymous_1)","decl":{"start":{"line":42,"column":25},"end":{"line":42,"column":26}},"loc":{"start":{"line":42,"column":36},"end":{"line":59,"column":1}},"line":42}},"branchMap":{"0":{"loc":{"start":{"line":11,"column":15},"end":{"line":11,"column":41}},"type":"binary-expr","locations":[{"start":{"line":11,"column":15},"end":{"line":11,"column":25}},{"start":{"line":11,"column":29},"end":{"line":11,"column":41}}],"line":11},"1":{"loc":{"start":{"line":12,"column":2},"end":{"line":14,"column":3}},"type":"if","locations":[{"start":{"line":12,"column":2},"end":{"line":14,"column":3}},{"start":{},"end":{}}],"line":12},"2":{"loc":{"start":{"line":12,"column":6},"end":{"line":12,"column":20}},"type":"binary-expr","locations":[{"start":{"line":12,"column":6},"end":{"line":12,"column":11}},{"start":{"line":12,"column":15},"end":{"line":12,"column":20}}],"line":12},"3":{"loc":{"start":{"line":17,"column":4},"end":{"line":19,"column":30}},"type":"binary-expr","locations":[{"start":{"line":17,"column":4},"end":{"line":17,"column":29}},{"start":{"line":18,"column":4},"end":{"line":18,"column":29}},{"start":{"line":19,"column":4},"end":{"line":19,"column":30}}],"line":17},"4":{"loc":{"start":{"line":22,"column":2},"end":{"line":24,"column":3}},"type":"if","locations":[{"start":{"line":22,"column":2},"end":{"line":24,"column":3}},{"start":{},"end":{}}],"line":22},"5":{"loc":{"start":{"line":22,"column":6},"end":{"line":22,"column":29}},"type":"binary-expr","locations":[{"start":{"line":22,"column":6},"end":{"line":22,"column":20}},{"start":{"line":22,"column":24},"end":{"line":22,"column":29}}],"line":22},"6":{"loc":{"start":{"line":25,"column":2},"end":{"line":27,"column":3}},"type":"if","locations":[{"start":{"line":25,"column":2},"end":{"line":27,"column":3}},{"start":{},"end":{}}],"line":25},"7":{"loc":{"start":{"line":25,"column":6},"end":{"line":25,"column":42}},"type":"binary-expr","locations":[{"start":{"line":25,"column":6},"end":{"line":25,"column":21}},{"start":{"line":25,"column":25},"end":{"line":25,"column":42}}],"line":25},"8":{"loc":{"start":{"line":28,"column":2},"end":{"line":30,"column":3}},"type":"if","locations":[{"start":{"line":28,"column":2},"end":{"line":30,"column":3}},{"start":{},"end":{}}],"line":28},"9":{"loc":{"start":{"line":31,"column":2},"end":{"line":33,"column":3}},"type":"if","locations":[{"start":{"line":31,"column":2},"end":{"line":33,"column":3}},{"start":{},"end":{}}],"line":31},"10":{"loc":{"start":{"line":50,"column":4},"end":{"line":56,"column":5}},"type":"if","locations":[{"start":{"line":50,"column":4},"end":{"line":56,"column":5}},{"start":{},"end":{}}],"line":50},"11":{"loc":{"start":{"line":51,"column":6},"end":{"line":53,"column":30}},"type":"binary-expr","locations":[{"start":{"line":51,"column":6},"end":{"line":51,"column":32}},{"start":{"line":52,"column":6},"end":{"line":52,"column":29}},{"start":{"line":53,"column":6},"end":{"line":53,"column":30}}],"line":51}},"s":{"0":1,"1":7,"2":7,"3":7,"4":7,"5":7,"6":3,"7":4,"8":4,"9":4,"10":4,"11":4,"12":1,"13":3,"14":1,"15":2,"16":1,"17":1,"18":1,"19":0,"20":1,"21":1,"22":1,"23":1,"24":1,"25":8,"26":8,"27":8,"28":8,"29":2,"30":1},"f":{"0":7,"1":1},"b":{"0":[7,6],"1":[3,4],"2":[7,5],"3":[4,4,4],"4":[1,3],"5":[4,3],"6":[1,2],"7":[3,2],"8":[1,1],"9":[1,0],"10":[2,6],"11":[8,6,6]},"_coverageSchema":"1a1c01bbd47fc00a2c39e90264f33305004495a9","hash":"b6f70908bd2c9f2f922397d43e215024dad1da86"}
,"D:\\dev\\intellect-fox\\if-js\\src\\scripts\\lesson6.js": {"path":"D:\\dev\\intellect-fox\\if-js\\src\\scripts\\lesson6.js","statementMap":{"0":{"start":{"line":6,"column":25},"end":{"line":8,"column":1}},"1":{"start":{"line":7,"column":2},"end":{"line":7,"column":50}},"2":{"start":{"line":16,"column":28},"end":{"line":39,"column":1}},"3":{"start":{"line":17,"column":19},"end":{"line":17,"column":36}},"4":{"start":{"line":18,"column":15},"end":{"line":18,"column":17}},"5":{"start":{"line":19,"column":23},"end":{"line":29,"column":4}},"6":{"start":{"line":20,"column":26},"end":{"line":20,"column":44}},"7":{"start":{"line":21,"column":26},"end":{"line":21,"column":44}},"8":{"start":{"line":22,"column":29},"end":{"line":22,"column":50}},"9":{"start":{"line":24,"column":6},"end":{"line":26,"column":41}},"10":{"start":{"line":28,"column":4},"end":{"line":28,"column":19}},"11":{"start":{"line":31,"column":2},"end":{"line":33,"column":3}},"12":{"start":{"line":32,"column":4},"end":{"line":32,"column":35}},"13":{"start":{"line":35,"column":2},"end":{"line":37,"column":5}},"14":{"start":{"line":36,"column":4},"end":{"line":36,"column":66}},"15":{"start":{"line":38,"column":2},"end":{"line":38,"column":16}},"16":{"start":{"line":41,"column":37},"end":{"line":66,"column":1}},"17":{"start":{"line":42,"column":14},"end":{"line":42,"column":16}},"18":{"start":{"line":44,"column":23},"end":{"line":46,"column":4}},"19":{"start":{"line":45,"column":4},"end":{"line":45,"column":27}},"20":{"start":{"line":48,"column":20},"end":{"line":50,"column":4}},"21":{"start":{"line":49,"column":4},"end":{"line":49,"column":46}},"22":{"start":{"line":54,"column":2},"end":{"line":64,"column":3}},"23":{"start":{"line":54,"column":15},"end":{"line":54,"column":16}},"24":{"start":{"line":55,"column":19},"end":{"line":55,"column":21}},"25":{"start":{"line":56,"column":4},"end":{"line":60,"column":7}},"26":{"start":{"line":57,"column":6},"end":{"line":59,"column":7}},"27":{"start":{"line":58,"column":8},"end":{"line":58,"column":34}},"28":{"start":{"line":61,"column":4},"end":{"line":63,"column":7}},"29":{"start":{"line":62,"column":6},"end":{"line":62,"column":47}},"30":{"start":{"line":65,"column":2},"end":{"line":65,"column":13}},"31":{"start":{"line":68,"column":32},"end":{"line":89,"column":1}},"32":{"start":{"line":69,"column":24},"end":{"line":69,"column":26}},"33":{"start":{"line":70,"column":13},"end":{"line":70,"column":15}},"34":{"start":{"line":71,"column":12},"end":{"line":71,"column":25}},"35":{"start":{"line":73,"column":2},"end":{"line":86,"column":3}},"36":{"start":{"line":74,"column":4},"end":{"line":83,"column":5}},"37":{"start":{"line":74,"column":17},"end":{"line":74,"column":18}},"38":{"start":{"line":75,"column":6},"end":{"line":81,"column":7}},"39":{"start":{"line":76,"column":8},"end":{"line":76,"column":37}},"40":{"start":{"line":77,"column":13},"end":{"line":81,"column":7}},"41":{"start":{"line":78,"column":8},"end":{"line":78,"column":37}},"42":{"start":{"line":80,"column":8},"end":{"line":80,"column":23}},"43":{"start":{"line":82,"column":6},"end":{"line":82,"column":12}},"44":{"start":{"line":84,"column":4},"end":{"line":84,"column":29}},"45":{"start":{"line":85,"column":4},"end":{"line":85,"column":14}},"46":{"start":{"line":88,"column":2},"end":{"line":88,"column":23}}},"fnMap":{"0":{"name":"(anonymous_0)","decl":{"start":{"line":6,"column":25},"end":{"line":6,"column":26}},"loc":{"start":{"line":6,"column":34},"end":{"line":8,"column":1}},"line":6},"1":{"name":"(anonymous_1)","decl":{"start":{"line":16,"column":28},"end":{"line":16,"column":29}},"loc":{"start":{"line":16,"column":37},"end":{"line":39,"column":1}},"line":16},"2":{"name":"(anonymous_2)","decl":{"start":{"line":19,"column":37},"end":{"line":19,"column":38}},"loc":{"start":{"line":19,"column":66},"end":{"line":29,"column":3}},"line":19},"3":{"name":"(anonymous_3)","decl":{"start":{"line":35,"column":28},"end":{"line":35,"column":29}},"loc":{"start":{"line":35,"column":41},"end":{"line":37,"column":3}},"line":35},"4":{"name":"(anonymous_4)","decl":{"start":{"line":41,"column":37},"end":{"line":41,"column":38}},"loc":{"start":{"line":41,"column":46},"end":{"line":66,"column":1}},"line":41},"5":{"name":"(anonymous_5)","decl":{"start":{"line":44,"column":31},"end":{"line":44,"column":32}},"loc":{"start":{"line":44,"column":44},"end":{"line":46,"column":3}},"line":44},"6":{"name":"(anonymous_6)","decl":{"start":{"line":48,"column":40},"end":{"line":48,"column":41}},"loc":{"start":{"line":48,"column":55},"end":{"line":50,"column":3}},"line":48},"7":{"name":"(anonymous_7)","decl":{"start":{"line":56,"column":15},"end":{"line":56,"column":16}},"loc":{"start":{"line":56,"column":28},"end":{"line":60,"column":5}},"line":56},"8":{"name":"(anonymous_8)","decl":{"start":{"line":61,"column":38},"end":{"line":61,"column":39}},"loc":{"start":{"line":61,"column":58},"end":{"line":63,"column":5}},"line":61},"9":{"name":"(anonymous_9)","decl":{"start":{"line":68,"column":32},"end":{"line":68,"column":33}},"loc":{"start":{"line":68,"column":72},"end":{"line":89,"column":1}},"line":68}},"branchMap":{"0":{"loc":{"start":{"line":24,"column":6},"end":{"line":26,"column":41}},"type":"binary-expr","locations":[{"start":{"line":24,"column":6},"end":{"line":24,"column":38}},{"start":{"line":25,"column":6},"end":{"line":25,"column":38}},{"start":{"line":26,"column":6},"end":{"line":26,"column":41}}],"line":24},"1":{"loc":{"start":{"line":31,"column":2},"end":{"line":33,"column":3}},"type":"if","locations":[{"start":{"line":31,"column":2},"end":{"line":33,"column":3}},{"start":{},"end":{}}],"line":31},"2":{"loc":{"start":{"line":57,"column":6},"end":{"line":59,"column":7}},"type":"if","locations":[{"start":{"line":57,"column":6},"end":{"line":59,"column":7}},{"start":{},"end":{}}],"line":57},"3":{"loc":{"start":{"line":75,"column":6},"end":{"line":81,"column":7}},"type":"if","locations":[{"start":{"line":75,"column":6},"end":{"line":81,"column":7}},{"start":{"line":77,"column":13},"end":{"line":81,"column":7}}],"line":75},"4":{"loc":{"start":{"line":77,"column":13},"end":{"line":81,"column":7}},"type":"if","locations":[{"start":{"line":77,"column":13},"end":{"line":81,"column":7}},{"start":{"line":79,"column":13},"end":{"line":81,"column":7}}],"line":77}},"s":{"0":1,"1":2,"2":1,"3":2,"4":2,"5":2,"6":62,"7":62,"8":62,"9":62,"10":62,"11":2,"12":1,"13":1,"14":2,"15":1,"16":1,"17":0,"18":0,"19":0,"20":0,"21":0,"22":0,"23":0,"24":0,"25":0,"26":0,"27":0,"28":0,"29":0,"30":0,"31":1,"32":0,"33":0,"34":0,"35":0,"36":0,"37":0,"38":0,"39":0,"40":0,"41":0,"42":0,"43":0,"44":0,"45":0,"46":0},"f":{"0":2,"1":2,"2":62,"3":2,"4":0,"5":0,"6":0,"7":0,"8":0,"9":0},"b":{"0":[62,61,61],"1":[1,1],"2":[0,0],"3":[0,0],"4":[0,0]},"_coverageSchema":"1a1c01bbd47fc00a2c39e90264f33305004495a9","hash":"ffa13b4f28b1b6982035cad04a658cb3dd87c3c0"}
,"D:\\dev\\intellect-fox\\if-js\\src\\scripts\\constants\\constantsLesson5.js": {"path":"D:\\dev\\intellect-fox\\if-js\\src\\scripts\\constants\\constantsLesson5.js","statementMap":{"0":{"start":{"line":1,"column":20},"end":{"line":42,"column":1}}},"fnMap":{},"branchMap":{},"s":{"0":1},"f":{},"b":{},"_coverageSchema":"1a1c01bbd47fc00a2c39e90264f33305004495a9","hash":"2996100a371c6460e065b49fa6862ab7dec86f81"}
,"D:\\dev\\intellect-fox\\if-js\\src\\scripts\\constants\\constantsLesson6.js": {"path":"D:\\dev\\intellect-fox\\if-js\\src\\scripts\\constants\\constantsLesson6.js","statementMap":{"0":{"start":{"line":1,"column":22},"end":{"line":157,"column":1}}},"fnMap":{},"branchMap":{},"s":{"0":1},"f":{},"b":{},"_coverageSchema":"1a1c01bbd47fc00a2c39e90264f33305004495a9","hash":"8f69097214e8d9fd36fe2ab41e9ddb37ad4a3a82"}
}
