TN:
SF:src\scripts\lesson4.js
FN:2,(anonymous_0)
FN:3,(anonymous_1)
FN:11,addProduct
FN:25,(anonymous_3)
FN:28,(anonymous_4)
FNF:5
FNH:5
FNDA:1,(anonymous_0)
FNDA:1,(anonymous_1)
FNDA:1,addProduct
FNDA:3,(anonymous_3)
FNDA:18,(anonymous_4)
DA:2,1
DA:3,1
DA:4,1
DA:12,1
DA:13,1
DA:14,0
DA:16,1
DA:25,1
DA:26,3
DA:27,3
DA:28,3
DA:29,18
DA:30,39
DA:31,18
DA:32,18
DA:33,18
DA:34,21
DA:35,3
DA:41,1
DA:42,1
DA:43,1
LF:21
LH:20
BRDA:13,0,0,0
BRDA:13,0,1,1
BRDA:30,1,0,18
BRDA:30,1,1,21
BRDA:34,2,0,3
BRDA:34,2,1,18
BRF:6
BRH:5
end_of_record
TN:
SF:src\scripts\lesson5.js
FN:5,(anonymous_0)
FN:36,(anonymous_1)
FNF:2
FNH:2
FNDA:5,(anonymous_0)
FNDA:1,(anonymous_1)
DA:5,1
DA:6,5
DA:7,5
DA:8,5
DA:13,1
DA:15,4
DA:16,1
DA:18,3
DA:19,1
DA:21,2
DA:22,1
DA:24,1
DA:27,1
DA:29,1
DA:36,1
DA:37,1
DA:79,1
DA:80,1
DA:82,1
DA:83,8
DA:84,8
DA:85,8
DA:86,8
DA:91,2
DA:94,1
LF:25
LH:25
BRDA:8,0,0,1
BRDA:8,0,1,4
BRDA:9,1,0,5
BRDA:9,1,1,5
BRDA:9,1,2,5
BRDA:15,2,0,1
BRDA:15,2,1,3
BRDA:15,3,0,4
BRDA:15,3,1,2
BRDA:18,4,0,1
BRDA:18,4,1,2
BRDA:21,5,0,1
BRDA:21,5,1,1
BRDA:86,6,0,2
BRDA:86,6,1,6
BRDA:87,7,0,8
BRDA:87,7,1,6
BRDA:87,7,2,6
BRF:18
BRH:18
end_of_record
