TN:
SF:src\scripts\lesson4.js
FN:2,(anonymous_0)
FN:3,(anonymous_1)
FN:11,addProduct
FN:25,(anonymous_3)
FN:28,(anonymous_4)
FNF:5
FNH:5
FNDA:1,(anonymous_0)
FNDA:1,(anonymous_1)
FNDA:1,addProduct
FNDA:3,(anonymous_3)
FNDA:18,(anonymous_4)
DA:2,1
DA:3,1
DA:4,1
DA:12,1
DA:13,1
DA:14,0
DA:16,1
DA:25,1
DA:26,3
DA:27,3
DA:28,3
DA:29,18
DA:30,39
DA:31,18
DA:32,18
DA:33,18
DA:34,21
DA:35,3
DA:41,1
DA:42,1
DA:43,1
LF:21
LH:20
BRDA:13,0,0,0
BRDA:13,0,1,1
BRDA:30,1,0,18
BRDA:30,1,1,21
BRDA:34,2,0,3
BRDA:34,2,1,18
BRF:6
BRH:5
end_of_record
